<?xml version="1.0" encoding="utf-8"?>
<test-run id="2" testcasecount="3" result="Passed" total="3" passed="3" failed="0" inconclusive="0" skipped="0" asserts="0" engine-version="3.5.0.0" clr-version="4.0.30319.42000" start-time="2025-11-29 07:35:35Z" end-time="2025-11-29 07:35:35Z" duration="0,0646465">
  <test-suite type="TestSuite" id="1000" name="AFFECT-2025-10-11" fullname="AFFECT-2025-10-11" runstate="Runnable" testcasecount="33" result="Passed" start-time="2025-11-29 07:35:35Z" end-time="2025-11-29 07:35:35Z" duration="0.064647" total="3" passed="3" failed="0" inconclusive="0" skipped="0" asserts="0">
    <properties>
      <property name="platform" value="EditMode" />
    </properties>
    <test-suite type="Assembly" id="1041" name="Assembly-CSharp-Editor.dll" fullname="C:/Users/Ubuntu/Desktop/_DEV/AFFECT-2025-10-11/Library/ScriptAssemblies/Assembly-CSharp-Editor.dll" runstate="Runnable" testcasecount="33" result="Passed" start-time="2025-11-29 07:35:35Z" end-time="2025-11-29 07:35:35Z" duration="0.057352" total="3" passed="3" failed="0" inconclusive="0" skipped="0" asserts="0">
      <properties>
        <property name="_PID" value="8140" />
        <property name="_APPDOMAIN" value="Unity Child Domain" />
        <property name="platform" value="EditMode" />
        <property name="EditorOnly" value="True" />
      </properties>
      <test-suite type="TestFixture" id="1008" name="IKSolverProperties" fullname="IKSolverProperties" classname="IKSolverProperties" runstate="Runnable" testcasecount="3" result="Passed" start-time="2025-11-29 07:35:35Z" end-time="2025-11-29 07:35:35Z" duration="0.054880" total="3" passed="3" failed="0" inconclusive="0" skipped="0" asserts="0">
        <properties />
        <test-case id="1009" name="Property1_IKSolutionAccuracy" fullname="IKSolverProperties.Property1_IKSolutionAccuracy" methodname="Property1_IKSolutionAccuracy" classname="IKSolverProperties" runstate="Runnable" seed="28159358" result="Passed" start-time="2025-11-29 07:35:35Z" end-time="2025-11-29 07:35:35Z" duration="0.021867" asserts="0">
          <properties>
            <property name="retryIteration" value="0" />
            <property name="repeatIteration" value="0" />
          </properties>
        </test-case>
        <test-case id="1010" name="Property2_IKReachExtension" fullname="IKSolverProperties.Property2_IKReachExtension" methodname="Property2_IKReachExtension" classname="IKSolverProperties" runstate="Runnable" seed="1701340730" result="Passed" start-time="2025-11-29 07:35:35Z" end-time="2025-11-29 07:35:35Z" duration="0.010952" asserts="0">
          <properties>
            <property name="retryIteration" value="0" />
            <property name="repeatIteration" value="0" />
          </properties>
        </test-case>
        <test-case id="1011" name="Property3_KneeBendDirectionInvariant" fullname="IKSolverProperties.Property3_KneeBendDirectionInvariant" methodname="Property3_KneeBendDirectionInvariant" classname="IKSolverProperties" runstate="Runnable" seed="1181615077" result="Passed" start-time="2025-11-29 07:35:35Z" end-time="2025-11-29 07:35:35Z" duration="0.006577" asserts="0">
          <properties>
            <property name="retryIteration" value="0" />
            <property name="repeatIteration" value="0" />
          </properties>
          <output><![CDATA[Saving results to: C:/Users/Ubuntu/AppData/LocalLow/DefaultCompany/AFFECT-2025-10-11\TestResults.xml
]]></output>
        </test-case>
      </test-suite>
    </test-suite>
  </test-suite>
</test-run>