<?xml version="1.0" encoding="utf-8"?>
<test-run id="2" testcasecount="7" result="Passed" total="7" passed="7" failed="0" inconclusive="0" skipped="0" asserts="0" engine-version="3.5.0.0" clr-version="4.0.30319.42000" start-time="2025-11-29 13:28:57Z" end-time="2025-11-29 13:28:57Z" duration="0,0828181">
  <test-suite type="TestSuite" id="1000" name="AFFECT-2025-10-11" fullname="AFFECT-2025-10-11" runstate="Runnable" testcasecount="76" result="Passed" start-time="2025-11-29 13:28:57Z" end-time="2025-11-29 13:28:57Z" duration="0.082818" total="7" passed="7" failed="0" inconclusive="0" skipped="0" asserts="0">
    <properties>
      <property name="platform" value="EditMode" />
    </properties>
    <test-suite type="Assembly" id="1091" name="Assembly-CSharp-Editor.dll" fullname="C:/Users/Ubuntu/Desktop/_DEV/AFFECT-2025-10-11/Library/ScriptAssemblies/Assembly-CSharp-Editor.dll" runstate="Runnable" testcasecount="76" result="Passed" start-time="2025-11-29 13:28:57Z" end-time="2025-11-29 13:28:57Z" duration="0.060742" total="7" passed="7" failed="0" inconclusive="0" skipped="0" asserts="0">
      <properties>
        <property name="_PID" value="18188" />
        <property name="_APPDOMAIN" value="Unity Child Domain" />
        <property name="platform" value="EditMode" />
        <property name="EditorOnly" value="True" />
      </properties>
      <test-suite type="TestFixture" id="1021" name="HitReactionProperties" fullname="HitReactionProperties" classname="HitReactionProperties" runstate="Runnable" testcasecount="7" result="Passed" start-time="2025-11-29 13:28:57Z" end-time="2025-11-29 13:28:57Z" duration="0.039314" total="7" passed="7" failed="0" inconclusive="0" skipped="0" asserts="0">
        <properties />
        <test-case id="1027" name="ApplyConfiguration_SetsAllParameters" fullname="HitReactionProperties.ApplyConfiguration_SetsAllParameters" methodname="ApplyConfiguration_SetsAllParameters" classname="HitReactionProperties" runstate="Runnable" seed="2134962841" result="Passed" start-time="2025-11-29 13:28:57Z" end-time="2025-11-29 13:28:57Z" duration="0.010296" asserts="0">
          <properties>
            <property name="retryIteration" value="0" />
            <property name="repeatIteration" value="0" />
          </properties>
        </test-case>
        <test-case id="1024" name="BelowThreshold_NoReaction" fullname="HitReactionProperties.BelowThreshold_NoReaction" methodname="BelowThreshold_NoReaction" classname="HitReactionProperties" runstate="Runnable" seed="1960107908" result="Passed" start-time="2025-11-29 13:28:57Z" end-time="2025-11-29 13:28:57Z" duration="0.001881" asserts="0">
          <properties>
            <property name="retryIteration" value="0" />
            <property name="repeatIteration" value="0" />
          </properties>
        </test-case>
        <test-case id="1026" name="DisabledReactor_NoResponse" fullname="HitReactionProperties.DisabledReactor_NoResponse" methodname="DisabledReactor_NoResponse" classname="HitReactionProperties" runstate="Runnable" seed="814013602" result="Passed" start-time="2025-11-29 13:28:57Z" end-time="2025-11-29 13:28:57Z" duration="0.000577" asserts="0">
          <properties>
            <property name="retryIteration" value="0" />
            <property name="repeatIteration" value="0" />
          </properties>
        </test-case>
        <test-case id="1025" name="Impact_TriggersScuttle" fullname="HitReactionProperties.Impact_TriggersScuttle" methodname="Impact_TriggersScuttle" classname="HitReactionProperties" runstate="Runnable" seed="1168350308" result="Passed" start-time="2025-11-29 13:28:57Z" end-time="2025-11-29 13:28:57Z" duration="0.000947" asserts="0">
          <properties>
            <property name="retryIteration" value="0" />
            <property name="repeatIteration" value="0" />
          </properties>
        </test-case>
        <test-case id="1022" name="Property21_HitImpulseApplication" fullname="HitReactionProperties.Property21_HitImpulseApplication" methodname="Property21_HitImpulseApplication" classname="HitReactionProperties" runstate="Runnable" seed="165527575" result="Passed" start-time="2025-11-29 13:28:57Z" end-time="2025-11-29 13:28:57Z" duration="0.001235" asserts="0">
          <properties>
            <property name="retryIteration" value="0" />
            <property name="repeatIteration" value="0" />
          </properties>
        </test-case>
        <test-case id="1023" name="Property22_VelocityClamping" fullname="HitReactionProperties.Property22_VelocityClamping" methodname="Property22_VelocityClamping" classname="HitReactionProperties" runstate="Runnable" seed="942788300" result="Passed" start-time="2025-11-29 13:28:57Z" end-time="2025-11-29 13:28:57Z" duration="0.000946" asserts="0">
          <properties>
            <property name="retryIteration" value="0" />
            <property name="repeatIteration" value="0" />
          </properties>
        </test-case>
        <test-case id="1028" name="VelocityBelowMax_NotClamped" fullname="HitReactionProperties.VelocityBelowMax_NotClamped" methodname="VelocityBelowMax_NotClamped" classname="HitReactionProperties" runstate="Runnable" seed="860105402" result="Passed" start-time="2025-11-29 13:28:57Z" end-time="2025-11-29 13:28:57Z" duration="0.000370" asserts="0">
          <properties>
            <property name="retryIteration" value="0" />
            <property name="repeatIteration" value="0" />
          </properties>
          <output><![CDATA[Saving results to: C:/Users/Ubuntu/AppData/LocalLow/DefaultCompany/AFFECT-2025-10-11\TestResults.xml
]]></output>
        </test-case>
      </test-suite>
    </test-suite>
  </test-suite>
</test-run>